<?xml version="1.0" encoding="UTF-8"?>
<!-- Generated by org.testng.reporters.JUnitXMLReporter -->
<testsuite hostname="DESKTOP-7IHME2E" ignored="0" name="Default test" tests="3" failures="0" timestamp="2020-03-06T18:48:43 IST" time="42.289" errors="0">
  <testcase name="verifyHomePageTitle" time="15.426" classname="com.k2js.mavenbasicfw.testscripts.TestRunner"/>
  <testcase name="verifyConfirmationMessage" time="13.402" classname="com.k2js.mavenbasicfw.testscripts.TestRunner"/>
  <testcase name="verifyHeadings" time="13.345" classname="com.k2js.mavenbasicfw.testscripts.TestRunner2"/>
</testsuite> <!-- Default test -->
