<?xml version="1.0" encoding="UTF-8"?>
<testsuite name="TestSuite" time="42.175" tests="3" errors="0" skipped="0" failures="0">
  <properties>
[...]
</properties>
  <testcase name="verifyHomePageTitle" classname="com.k2js.mavenbasicfw.testscripts.TestRunner" time="15.428"/>
  <testcase name="verifyConfirmationMessage" classname="com.k2js.mavenbasicfw.testscripts.TestRunner" time="13.402"/>
  <testcase name="verifyHeadings" classname="com.k2js.mavenbasicfw.testscripts.TestRunner2" time="13.345"/>
</testsuite>